<?xml version="1.0" encoding="UTF-8"?>
<testsuite xmlns:xsi="http://www.w3.org/2001/XMLSchema-instance" xsi:noNamespaceSchemaLocation="https://maven.apache.org/surefire/maven-surefire-plugin/xsd/surefire-test-report-3.0.xsd" version="3.0" name="UserServiceTest" time="3.01" tests="6" errors="0" skipped="0" failures="0">
  <properties>
[...]
</properties>
  <testcase name="saveUser" classname="UserServiceTest" time="2.211">
    <system-out><![CDATA[Hibernate: 
    /* dynamic native SQL query */ DROP TABLE IF EXISTS users
Hibernate: 
    /* dynamic native SQL query */ CREATE TABLE IF NOT EXISTS users(id BIGSERIAL PRIMARY KEY,name VARCHAR(500),last_name VARCHAR(500),age SMALLINT)
Hibernate: 
    /* insert jm.task.core.jdbc.model.User
        */ insert 
        into
            users
            (age, last_name, name) 
        values
            (?, ?, ?)
Hibernate: 
    /* 
FROM
    User */ select
        user0_.id as id1_0_,
        user0_.age as age2_0_,
        user0_.last_name as last_nam3_0_,
        user0_.name as name4_0_ 
    from
        users user0_
]]></system-out>
    <system-err><![CDATA[июн. 10, 2024 10:52:51 PM org.hibernate.Version logVersion
INFO: HHH000412: Hibernate ORM core version 5.6.3.Final
июн. 10, 2024 10:52:52 PM org.hibernate.annotations.common.reflection.java.JavaReflectionManager <clinit>
INFO: HCANN000001: Hibernate Commons Annotations {5.1.2.Final}
июн. 10, 2024 10:52:52 PM org.hibernate.engine.jdbc.connections.internal.DriverManagerConnectionProviderImpl configure
WARN: HHH10001002: Using Hibernate built-in connection pool (not for production use!)
июн. 10, 2024 10:52:52 PM org.hibernate.engine.jdbc.connections.internal.DriverManagerConnectionProviderImpl buildCreator
INFO: HHH10001005: using driver [null] at URL [jdbc:postgresql://localhost:5432/postgres]
июн. 10, 2024 10:52:52 PM org.hibernate.engine.jdbc.connections.internal.DriverManagerConnectionProviderImpl buildCreator
INFO: HHH10001001: Connection properties: {password=****, user=postgres}
июн. 10, 2024 10:52:52 PM org.hibernate.engine.jdbc.connections.internal.DriverManagerConnectionProviderImpl buildCreator
INFO: HHH10001003: Autocommit mode: false
июн. 10, 2024 10:52:52 PM org.hibernate.engine.jdbc.connections.internal.DriverManagerConnectionProviderImpl$PooledConnections <init>
INFO: HHH000115: Hibernate connection pool size: 20 (min=1)
июн. 10, 2024 10:52:52 PM org.hibernate.dialect.Dialect <init>
INFO: HHH000400: Using dialect: org.hibernate.dialect.PostgreSQL10Dialect
июн. 10, 2024 10:52:53 PM org.hibernate.engine.transaction.jta.platform.internal.JtaPlatformInitiator initiateService
INFO: HHH000490: Using JtaPlatform implementation: [org.hibernate.engine.transaction.jta.platform.internal.NoJtaPlatform]
]]></system-err>
  </testcase>
  <testcase name="removeUserById" classname="UserServiceTest" time="0.183">
    <system-out><![CDATA[Hibernate: 
    /* dynamic native SQL query */ DROP TABLE IF EXISTS users
Hibernate: 
    /* dynamic native SQL query */ CREATE TABLE IF NOT EXISTS users(id BIGSERIAL PRIMARY KEY,name VARCHAR(500),last_name VARCHAR(500),age SMALLINT)
Hibernate: 
    /* insert jm.task.core.jdbc.model.User
        */ insert 
        into
            users
            (age, last_name, name) 
        values
            (?, ?, ?)
Hibernate: 
    select
        user0_.id as id1_0_0_,
        user0_.age as age2_0_0_,
        user0_.last_name as last_nam3_0_0_,
        user0_.name as name4_0_0_ 
    from
        users user0_ 
    where
        user0_.id=?
Hibernate: 
    /* delete jm.task.core.jdbc.model.User */ delete 
        from
            users 
        where
            id=?
]]></system-out>
    <system-err><![CDATA[июн. 10, 2024 10:52:53 PM org.hibernate.engine.jdbc.connections.internal.DriverManagerConnectionProviderImpl configure
WARN: HHH10001002: Using Hibernate built-in connection pool (not for production use!)
июн. 10, 2024 10:52:53 PM org.hibernate.engine.jdbc.connections.internal.DriverManagerConnectionProviderImpl buildCreator
INFO: HHH10001005: using driver [null] at URL [jdbc:postgresql://localhost:5432/postgres]
июн. 10, 2024 10:52:53 PM org.hibernate.engine.jdbc.connections.internal.DriverManagerConnectionProviderImpl buildCreator
INFO: HHH10001001: Connection properties: {password=****, user=postgres}
июн. 10, 2024 10:52:53 PM org.hibernate.engine.jdbc.connections.internal.DriverManagerConnectionProviderImpl buildCreator
INFO: HHH10001003: Autocommit mode: false
июн. 10, 2024 10:52:53 PM org.hibernate.engine.jdbc.connections.internal.DriverManagerConnectionProviderImpl$PooledConnections <init>
INFO: HHH000115: Hibernate connection pool size: 20 (min=1)
июн. 10, 2024 10:52:53 PM org.hibernate.dialect.Dialect <init>
INFO: HHH000400: Using dialect: org.hibernate.dialect.PostgreSQL10Dialect
июн. 10, 2024 10:52:53 PM org.hibernate.engine.transaction.jta.platform.internal.JtaPlatformInitiator initiateService
INFO: HHH000490: Using JtaPlatform implementation: [org.hibernate.engine.transaction.jta.platform.internal.NoJtaPlatform]
]]></system-err>
  </testcase>
  <testcase name="getAllUsers" classname="UserServiceTest" time="0.143">
    <system-out><![CDATA[Hibernate: 
    /* dynamic native SQL query */ DROP TABLE IF EXISTS users
Hibernate: 
    /* dynamic native SQL query */ CREATE TABLE IF NOT EXISTS users(id BIGSERIAL PRIMARY KEY,name VARCHAR(500),last_name VARCHAR(500),age SMALLINT)
Hibernate: 
    /* insert jm.task.core.jdbc.model.User
        */ insert 
        into
            users
            (age, last_name, name) 
        values
            (?, ?, ?)
Hibernate: 
    /* 
FROM
    User */ select
        user0_.id as id1_0_,
        user0_.age as age2_0_,
        user0_.last_name as last_nam3_0_,
        user0_.name as name4_0_ 
    from
        users user0_
]]></system-out>
    <system-err><![CDATA[июн. 10, 2024 10:52:53 PM org.hibernate.engine.jdbc.connections.internal.DriverManagerConnectionProviderImpl configure
WARN: HHH10001002: Using Hibernate built-in connection pool (not for production use!)
июн. 10, 2024 10:52:53 PM org.hibernate.engine.jdbc.connections.internal.DriverManagerConnectionProviderImpl buildCreator
INFO: HHH10001005: using driver [null] at URL [jdbc:postgresql://localhost:5432/postgres]
июн. 10, 2024 10:52:53 PM org.hibernate.engine.jdbc.connections.internal.DriverManagerConnectionProviderImpl buildCreator
INFO: HHH10001001: Connection properties: {password=****, user=postgres}
июн. 10, 2024 10:52:53 PM org.hibernate.engine.jdbc.connections.internal.DriverManagerConnectionProviderImpl buildCreator
INFO: HHH10001003: Autocommit mode: false
июн. 10, 2024 10:52:53 PM org.hibernate.engine.jdbc.connections.internal.DriverManagerConnectionProviderImpl$PooledConnections <init>
INFO: HHH000115: Hibernate connection pool size: 20 (min=1)
июн. 10, 2024 10:52:54 PM org.hibernate.dialect.Dialect <init>
INFO: HHH000400: Using dialect: org.hibernate.dialect.PostgreSQL10Dialect
июн. 10, 2024 10:52:54 PM org.hibernate.engine.transaction.jta.platform.internal.JtaPlatformInitiator initiateService
INFO: HHH000490: Using JtaPlatform implementation: [org.hibernate.engine.transaction.jta.platform.internal.NoJtaPlatform]
]]></system-err>
  </testcase>
  <testcase name="dropUsersTable" classname="UserServiceTest" time="0.097">
    <system-out><![CDATA[Hibernate: 
    /* dynamic native SQL query */ DROP TABLE IF EXISTS users
Hibernate: 
    /* dynamic native SQL query */ DROP TABLE IF EXISTS users
]]></system-out>
    <system-err><![CDATA[июн. 10, 2024 10:52:54 PM org.hibernate.engine.jdbc.connections.internal.DriverManagerConnectionProviderImpl configure
WARN: HHH10001002: Using Hibernate built-in connection pool (not for production use!)
июн. 10, 2024 10:52:54 PM org.hibernate.engine.jdbc.connections.internal.DriverManagerConnectionProviderImpl buildCreator
INFO: HHH10001005: using driver [null] at URL [jdbc:postgresql://localhost:5432/postgres]
июн. 10, 2024 10:52:54 PM org.hibernate.engine.jdbc.connections.internal.DriverManagerConnectionProviderImpl buildCreator
INFO: HHH10001001: Connection properties: {password=****, user=postgres}
июн. 10, 2024 10:52:54 PM org.hibernate.engine.jdbc.connections.internal.DriverManagerConnectionProviderImpl buildCreator
INFO: HHH10001003: Autocommit mode: false
июн. 10, 2024 10:52:54 PM org.hibernate.engine.jdbc.connections.internal.DriverManagerConnectionProviderImpl$PooledConnections <init>
INFO: HHH000115: Hibernate connection pool size: 20 (min=1)
июн. 10, 2024 10:52:54 PM org.hibernate.dialect.Dialect <init>
INFO: HHH000400: Using dialect: org.hibernate.dialect.PostgreSQL10Dialect
июн. 10, 2024 10:52:54 PM org.hibernate.engine.transaction.jta.platform.internal.JtaPlatformInitiator initiateService
INFO: HHH000490: Using JtaPlatform implementation: [org.hibernate.engine.transaction.jta.platform.internal.NoJtaPlatform]
]]></system-err>
  </testcase>
  <testcase name="createUsersTable" classname="UserServiceTest" time="0.096">
    <system-out><![CDATA[Hibernate: 
    /* dynamic native SQL query */ DROP TABLE IF EXISTS users
Hibernate: 
    /* dynamic native SQL query */ CREATE TABLE IF NOT EXISTS users(id BIGSERIAL PRIMARY KEY,name VARCHAR(500),last_name VARCHAR(500),age SMALLINT)
]]></system-out>
    <system-err><![CDATA[июн. 10, 2024 10:52:54 PM org.hibernate.engine.jdbc.connections.internal.DriverManagerConnectionProviderImpl configure
WARN: HHH10001002: Using Hibernate built-in connection pool (not for production use!)
июн. 10, 2024 10:52:54 PM org.hibernate.engine.jdbc.connections.internal.DriverManagerConnectionProviderImpl buildCreator
INFO: HHH10001005: using driver [null] at URL [jdbc:postgresql://localhost:5432/postgres]
июн. 10, 2024 10:52:54 PM org.hibernate.engine.jdbc.connections.internal.DriverManagerConnectionProviderImpl buildCreator
INFO: HHH10001001: Connection properties: {password=****, user=postgres}
июн. 10, 2024 10:52:54 PM org.hibernate.engine.jdbc.connections.internal.DriverManagerConnectionProviderImpl buildCreator
INFO: HHH10001003: Autocommit mode: false
июн. 10, 2024 10:52:54 PM org.hibernate.engine.jdbc.connections.internal.DriverManagerConnectionProviderImpl$PooledConnections <init>
INFO: HHH000115: Hibernate connection pool size: 20 (min=1)
июн. 10, 2024 10:52:54 PM org.hibernate.dialect.Dialect <init>
INFO: HHH000400: Using dialect: org.hibernate.dialect.PostgreSQL10Dialect
июн. 10, 2024 10:52:54 PM org.hibernate.engine.transaction.jta.platform.internal.JtaPlatformInitiator initiateService
INFO: HHH000490: Using JtaPlatform implementation: [org.hibernate.engine.transaction.jta.platform.internal.NoJtaPlatform]
]]></system-err>
  </testcase>
  <testcase name="cleanUsersTable" classname="UserServiceTest" time="0.179">
    <system-out><![CDATA[Hibernate: 
    /* dynamic native SQL query */ DROP TABLE IF EXISTS users
Hibernate: 
    /* dynamic native SQL query */ CREATE TABLE IF NOT EXISTS users(id BIGSERIAL PRIMARY KEY,name VARCHAR(500),last_name VARCHAR(500),age SMALLINT)
Hibernate: 
    /* insert jm.task.core.jdbc.model.User
        */ insert 
        into
            users
            (age, last_name, name) 
        values
            (?, ?, ?)
Hibernate: 
    /* dynamic native SQL query */ TRUNCATE TABLE users RESTART IDENTITY CASCADE
Hibernate: 
    /* 
FROM
    User */ select
        user0_.id as id1_0_,
        user0_.age as age2_0_,
        user0_.last_name as last_nam3_0_,
        user0_.name as name4_0_ 
    from
        users user0_
]]></system-out>
    <system-err><![CDATA[июн. 10, 2024 10:52:54 PM org.hibernate.engine.jdbc.connections.internal.DriverManagerConnectionProviderImpl configure
WARN: HHH10001002: Using Hibernate built-in connection pool (not for production use!)
июн. 10, 2024 10:52:54 PM org.hibernate.engine.jdbc.connections.internal.DriverManagerConnectionProviderImpl buildCreator
INFO: HHH10001005: using driver [null] at URL [jdbc:postgresql://localhost:5432/postgres]
июн. 10, 2024 10:52:54 PM org.hibernate.engine.jdbc.connections.internal.DriverManagerConnectionProviderImpl buildCreator
INFO: HHH10001001: Connection properties: {password=****, user=postgres}
июн. 10, 2024 10:52:54 PM org.hibernate.engine.jdbc.connections.internal.DriverManagerConnectionProviderImpl buildCreator
INFO: HHH10001003: Autocommit mode: false
июн. 10, 2024 10:52:54 PM org.hibernate.engine.jdbc.connections.internal.DriverManagerConnectionProviderImpl$PooledConnections <init>
INFO: HHH000115: Hibernate connection pool size: 20 (min=1)
июн. 10, 2024 10:52:54 PM org.hibernate.dialect.Dialect <init>
INFO: HHH000400: Using dialect: org.hibernate.dialect.PostgreSQL10Dialect
июн. 10, 2024 10:52:54 PM org.hibernate.engine.transaction.jta.platform.internal.JtaPlatformInitiator initiateService
INFO: HHH000490: Using JtaPlatform implementation: [org.hibernate.engine.transaction.jta.platform.internal.NoJtaPlatform]
]]></system-err>
  </testcase>
</testsuite>